\BOOKMARK [0][-]{chapter*.4}{Nomenklatur}{}% 1
\BOOKMARK [0][-]{chapter.1}{Einleitung \(VR\)}{}% 2
\BOOKMARK [0][-]{chapter.2}{Theoretische Grundlagen \(NH\)\(FM\)}{}% 3
\BOOKMARK [1][-]{section.2.1}{Luftdichte }{chapter.2}% 4
\BOOKMARK [1][-]{section.2.2}{Wahre Fluggeschwindigkeit VTAS}{chapter.2}% 5
\BOOKMARK [1][-]{section.2.3}{Auftriebsbeiwert CA}{chapter.2}% 6
\BOOKMARK [1][-]{section.2.4}{Widerstandsbeiwert CW}{chapter.2}% 7
\BOOKMARK [1][-]{section.2.5}{Widerstand W}{chapter.2}% 8
\BOOKMARK [0][-]{chapter.3}{Versuchsdurchf\374hrung \(TG\)}{}% 9
\BOOKMARK [0][-]{chapter.4}{Massenabsch\344tzung \(AG\)}{}% 10
\BOOKMARK [0][-]{chapter.5}{Auswertung und Umrechung der Messdaten}{}% 11
\BOOKMARK [0][-]{chapter.6}{Darstellung der Ergebnisse}{}% 12
\BOOKMARK [1][-]{section.6.1}{Daten zum Flugversuch der DO-128}{chapter.6}% 13
\BOOKMARK [2][-]{subsection.6.1.1}{Auftriebsbeiwert CA \374ber Widerstandsbeiwert CW}{section.6.1}% 14
\BOOKMARK [2][-]{subsection.6.1.2}{Widerstand W \374ber Fluggeschwindigkeit V}{section.6.1}% 15
\BOOKMARK [1][-]{section.6.2}{Daten zum Flugversuch der DO-28}{chapter.6}% 16
\BOOKMARK [2][-]{subsection.6.2.1}{Anstellwinkel \040\374ber Bahnneigungswinkel }{section.6.2}% 17
\BOOKMARK [2][-]{subsection.6.2.2}{Auftriebsbeiwert CA \374ber Anstellwinkel }{section.6.2}% 18
\BOOKMARK [2][-]{subsection.6.2.3}{Auftriebsbeiwert CA \374ber Widerstandsbeiwert CW}{section.6.2}% 19
\BOOKMARK [2][-]{subsection.6.2.4}{Widerstand W \374ber Fluggeschwindigkeit V}{section.6.2}% 20
\BOOKMARK [2][-]{subsection.6.2.5}{Fluggeschwindigkeit V und Staudruck q \374ber Anstellwinkel }{section.6.2}% 21
\BOOKMARK [0][-]{chapter.7}{Interpretation der Ergebnisse \(NH\)}{}% 22
\BOOKMARK [1][-]{section.7.1}{H\366henruder Trimmkurve}{chapter.7}% 23
\BOOKMARK [1][-]{section.7.2}{Auftriebsbeiwert \374ber Anstellwinkel}{chapter.7}% 24
\BOOKMARK [1][-]{section.7.3}{Lilienthal-Polare}{chapter.7}% 25
\BOOKMARK [1][-]{section.7.4}{Widerstand \374ber Fluggeschwindigkeit}{chapter.7}% 26
\BOOKMARK [1][-]{section.7.5}{Staudruck \374ber Anstellwinkel}{chapter.7}% 27
\BOOKMARK [1][-]{section.7.6}{Fluggeschwindigkeit \374ber Anstellwinkel}{chapter.7}% 28
\BOOKMARK [0][-]{chapter.8}{Interpretation der Ergebnisse \(FM\)}{}% 29
\BOOKMARK [1][-]{section.8.1}{H\366henruder Trimmkurve}{chapter.8}% 30
\BOOKMARK [1][-]{section.8.2}{Auftriebsbeiwert \374ber Anstellwinkel}{chapter.8}% 31
\BOOKMARK [1][-]{section.8.3}{Lilienthal-Polare}{chapter.8}% 32
\BOOKMARK [1][-]{section.8.4}{Widerstand \374ber Fluggeschwindigkeit}{chapter.8}% 33
\BOOKMARK [1][-]{section.8.5}{Staudruck \374ber Anstellwinkel}{chapter.8}% 34
\BOOKMARK [1][-]{section.8.6}{Fluggeschwindigkeit \374ber Anstellwinkel}{chapter.8}% 35
\BOOKMARK [0][-]{chapter.9}{Interpretation der Ergebnisse \(TG\)}{}% 36
\BOOKMARK [1][-]{section.9.1}{H\366henruder Trimmkurve}{chapter.9}% 37
\BOOKMARK [1][-]{section.9.2}{Auftriebsbeiwert \374ber Anstellwinkel}{chapter.9}% 38
\BOOKMARK [1][-]{section.9.3}{Lilienthal-Polare}{chapter.9}% 39
\BOOKMARK [1][-]{section.9.4}{Widerstand \374ber Fluggeschwindigkeit}{chapter.9}% 40
\BOOKMARK [1][-]{section.9.5}{Staudruck \374ber Anstellwinkel}{chapter.9}% 41
\BOOKMARK [1][-]{section.9.6}{Fluggeschwindigkeit \374ber Anstellwinkel}{chapter.9}% 42
\BOOKMARK [0][-]{chapter.10}{Interpretation der Ergebnisse \(AG\)}{}% 43
\BOOKMARK [1][-]{section.10.1}{H\366henruder Trimmkurve}{chapter.10}% 44
\BOOKMARK [1][-]{section.10.2}{Auftriebsbeiwert \374ber Anstellwinkel}{chapter.10}% 45
\BOOKMARK [1][-]{section.10.3}{Lilienthal-Polare}{chapter.10}% 46
\BOOKMARK [1][-]{section.10.4}{Widerstand \374ber Fluggeschwindigkeit}{chapter.10}% 47
\BOOKMARK [1][-]{section.10.5}{Staudruck \374ber Anstellwinkel}{chapter.10}% 48
\BOOKMARK [1][-]{section.10.6}{Fluggeschwindigkeit \374ber Anstellwinkel}{chapter.10}% 49
